C:\Program Files (x86)\MSBuild\Microsoft.Cpp\v4.0\V140\Microsoft.CppBuild.targets(366,5): warning MSB8003: Could not find WindowsSDKDir variable from the registry.  TargetFrameworkVersion or PlatformToolset may be set to an invalid version number.
cl : Command line warning D9002: ignoring unknown option '/Zc:inline'
  stdafx.cpp
cl : Command line warning D9002: ignoring unknown option '/Zc:inline'
  WriteLogEntry.cpp
  VegaDetector.cpp
  TECoolerTemperatureTable.cpp
  TcpServer.cpp
  StatusThreadVIS.cpp
  StatusThreadUV.cpp
  StatusThread.cpp
  SpecLog.cpp
  SpecFWDlg.cpp
  specFW2.cpp
  socketbase.cpp
  ServoControl.cpp
  ReadThread.cpp
  ParserThread.cpp
  Parser.cpp
  OpticsThread.cpp
  MotorTables.cpp
  Motor.cpp
  MiscellaneousConstants.cpp
  limit.cpp
  Generating Code...
  Compiling...
  KillSubscriber.cpp
  IOFunctions.cpp
  InitThread.cpp
  HeaterThread.cpp
  GetTECoolerTemperature.cpp
  Getstat2.cpp
  Getstat.cpp
  GetPersonalityVersion.cpp
  GetKernelVersion.cpp
  GetFPGADetectorVersion.cpp
  GetCPLDVersion.cpp
  FileVersionInfo.cpp
  FileInfo.cpp
  Errormsg.cpp
  delay.cpp
  Decoder.cpp
  convert2temp.cpp
  Convert.cpp
  CommandServerCmds.cpp
  CommandServer.cpp
  Generating Code...
  Compiling...
  Coarse.cpp
  cmdxz.cpp
  cmdxx.cpp
  cmdWE.cpp
  cmdWB.cpp
  cmdvv.cpp
  cmdvt.cpp
  cmdvm.cpp
  cmdvc.cpp
  cmduz.cpp
  cmdum.cpp
  cmdtx.cpp
  cmdtr.cpp
  cmdtm.cpp
  cmdtc.cpp
  cmdSZ.cpp
  cmdsy.cpp
  cmdsx.cpp
  cmdst.cpp
  cmdsr.cpp
  Generating Code...
  Compiling...
  cmdsm.cpp
  cmdsl.cpp
  cmdsi.cpp
  cmdsg.cpp
  cmdse.cpp
  cmdsd.cpp
  cmdsc.cpp
  cmdrr.cpp
  cmdro.cpp
  cmdRM.cpp
  cmdri.cpp
  cmdRF.cpp
  cmdRead.cpp
  cmdrd.cpp
  cmdrc.cpp
  cmdrb.cpp
  cmdqz.cpp
  cmdpz.cpp
  cmdpm.cpp
  cmdpk.cpp
  Generating Code...
  Compiling...
  cmdpi.cpp
  cmdoh.cpp
  cmdnz.cpp
  cmdmz.cpp
  cmdmw.cpp
  cmdmm.cpp
  cmdmd.cpp
  cmdmc.cpp
  cmdlp.cpp
  cmdlm.cpp
  cmdll.cpp
  cmdlc.cpp
  cmdkz.cpp
  cmdit.cpp
  cmdis.cpp
  cmdid.cpp
  cmdi4.cpp
  cmdi3.cpp
  cmdi2.cpp
  cmdi1.cpp
  Generating Code...
  Compiling...
  cmdhz.cpp
  cmdhr.cpp
  cmdho.cpp
  cmdhm.cpp
  cmdhk.cpp
  cmdhg.cpp
  cmdh1.cpp
  cmdgv.cpp
  cmdgt.cpp
  cmdgs.cpp
  cmdgm.cpp
  cmdgl.cpp
  cmdgg.cpp
  cmdge.cpp
  cmdgd.cpp
  cmdgc.cpp
  cmdGB.cpp
  cmdfm.cpp
  cmdfc.cpp
  cmdf1.cpp
  Generating Code...
  Compiling...
  cmdes.cpp
  cmdec.cpp
  cmdds.cpp
  cmddm.cpp
  cmddf.cpp
  cmdde.cpp
  cmddc.cpp
  cmdd2.cpp
  cmdd1.cpp
  cmdd0.cpp
  cmdcx.cpp
  cmdct.cpp
  cmdcm.cpp
  cmdch.cpp
  cmdcd.cpp
  cmdc2.cpp
  cmdc1.cpp
  cmdc0.cpp
  cmdbm.cpp
  cmdaz.cpp
  Generating Code...
  Compiling...
  cmd5V.cpp
  cmd4V.cpp
  cmd3V.cpp
  cmd3t.cpp
  cmd2v.cpp
  cmd2d.cpp
  cmd1v.cpp
  cmd1h.cpp
  cmd1d.cpp
  cmd0h.cpp
  cmd0c.cpp
  Clock.cpp
  check_temps.cpp
  cfgsys.cpp
  cfgmisc.cpp
  cfghdwr.cpp
  CameraIOFunctions.cpp
  Generating Code...
  specFW2.vcxproj -> C:\Colibri_v9001\new_dev\specFW2\Toradex_CE800\Debug\specFW2.exe
  specFW2.vcxproj -> C:\Colibri_v9001\new_dev\specFW2\Toradex_CE800\Debug\specFW2.pdb (Full PDB)
