C:\Program Files (x86)\MSBuild\Microsoft.Cpp\v4.0\V140\Microsoft.CppBuild.targets(366,5): warning MSB8003: Could not find WindowsSDKDir variable from the registry.  TargetFrameworkVersion or PlatformToolset may be set to an invalid version number.
cl : Command line warning D9002: ignoring unknown option '/Zc:inline'
  stdafx.cpp
cl : Command line warning D9002: ignoring unknown option '/Zc:inline'
  CameraIOFunctions.cpp
  cfghdwr.cpp
  cfgmisc.cpp
  cfgsys.cpp
  check_temps.cpp
  Clock.cpp
  cmd0c.cpp
  cmd0h.cpp
  cmd1d.cpp
  cmd1h.cpp
  cmd1v.cpp
  cmd2d.cpp
  cmd2v.cpp
  cmd3t.cpp
  cmd3V.cpp
  cmd4V.cpp
  cmd5V.cpp
  cmdaz.cpp
  cmdbm.cpp
  cmdc0.cpp
  Compiling...
  cmdc1.cpp
  cmdc2.cpp
  cmdcd.cpp
  cmdch.cpp
  cmdcm.cpp
  cmdct.cpp
  cmdcx.cpp
  cmdd0.cpp
  cmdd1.cpp
  cmdd2.cpp
  cmddc.cpp
  cmdde.cpp
  cmddf.cpp
  cmddm.cpp
  cmdds.cpp
  cmdec.cpp
  cmdes.cpp
  cmdf1.cpp
  cmdfc.cpp
  cmdfm.cpp
  Compiling...
  cmdGB.cpp
  cmdgc.cpp
  cmdgd.cpp
  cmdge.cpp
  cmdgg.cpp
  cmdgl.cpp
  cmdgm.cpp
  cmdgs.cpp
  cmdgt.cpp
  cmdgv.cpp
  cmdh1.cpp
  cmdhg.cpp
  cmdhk.cpp
  cmdhm.cpp
  cmdho.cpp
  cmdhr.cpp
  cmdhz.cpp
  cmdi1.cpp
  cmdi2.cpp
  cmdi3.cpp
  Compiling...
  cmdi4.cpp
  cmdid.cpp
  cmdis.cpp
  cmdit.cpp
  cmdkz.cpp
  cmdlc.cpp
  cmdll.cpp
  cmdlm.cpp
  cmdlp.cpp
  cmdmc.cpp
  cmdmd.cpp
  cmdmm.cpp
  cmdmw.cpp
  cmdmz.cpp
  cmdnz.cpp
  cmdoh.cpp
  cmdpi.cpp
  cmdpk.cpp
  cmdpm.cpp
  cmdpz.cpp
  Compiling...
  cmdqz.cpp
  cmdrb.cpp
  cmdrc.cpp
  cmdrd.cpp
  cmdRead.cpp
  cmdRF.cpp
  cmdri.cpp
  cmdRM.cpp
  cmdro.cpp
  cmdrr.cpp
  cmdsc.cpp
  cmdsd.cpp
  cmdse.cpp
  cmdsg.cpp
  cmdsi.cpp
  cmdsl.cpp
  cmdsm.cpp
  cmdsr.cpp
  cmdst.cpp
  cmdsx.cpp
  Compiling...
  cmdsy.cpp
  cmdSZ.cpp
  cmdtc.cpp
  cmdtm.cpp
  cmdtr.cpp
  cmdtx.cpp
  cmdum.cpp
  cmduz.cpp
  cmdvc.cpp
  cmdvm.cpp
  cmdvt.cpp
  cmdvv.cpp
  cmdWB.cpp
  cmdWE.cpp
  cmdxx.cpp
  cmdxz.cpp
  Coarse.cpp
  CommandServer.cpp
  CommandServerCmds.cpp
  Convert.cpp
  Compiling...
  convert2temp.cpp
  Decoder.cpp
  delay.cpp
  Errormsg.cpp
  FileInfo.cpp
  FileVersionInfo.cpp
  GetCPLDVersion.cpp
  GetFPGADetectorVersion.cpp
  GetKernelVersion.cpp
  GetPersonalityVersion.cpp
  Getstat.cpp
  Getstat2.cpp
  GetTECoolerTemperature.cpp
  HeaterThread.cpp
  InitThread.cpp
  IOFunctions.cpp
  KillSubscriber.cpp
  limit.cpp
  MiscellaneousConstants.cpp
  Motor.cpp
  Compiling...
  MotorTables.cpp
  OpticsThread.cpp
  Parser.cpp
  ParserThread.cpp
  ReadThread.cpp
  ServoControl.cpp
  socketbase.cpp
  specFW2.cpp
  SpecFWDlg.cpp
  SpecLog.cpp
  StatusThread.cpp
  StatusThreadUV.cpp
  StatusThreadVIS.cpp
  TcpServer.cpp
  TECoolerTemperatureTable.cpp
  VegaDetector.cpp
  WriteLogEntry.cpp
  Generating code
  Finished generating code
  specFW2.vcxproj -> C:\Colibri_v9001\new_dev\specFW2\Toradex_CE800\Release\specFW2.exe
  specFW2.vcxproj -> C:\Colibri_v9001\new_dev\specFW2\Toradex_CE800\Release\specFW2.pdb (Full PDB)
